<?xml version="1.0" ?>
<!DOCTYPE coverage SYSTEM "http://cobertura.sourceforge.net/xml/coverage-04.dtd">
<coverage lines-valid="168" lines-covered="139" line-rate="0.8273" branches-valid="179" branches-covered="121" branch-rate="0.6759000000000001" timestamp="1770658432337" complexity="0" version="0.1">
  <sources>
    <source>/home/samplackett/ffc-alerting-utils</source>
  </sources>
  <packages>
    <package name="ffc-alerting-utils" line-rate="0" branch-rate="1">
      <classes>
        <class name="eslint.config.js" filename="eslint.config.js" line-rate="0" branch-rate="1">
          <methods>
          </methods>
          <lines>
            <line number="3" hits="0" branch="false"/>
          </lines>
        </class>
      </classes>
    </package>
    <package name="ffc-alerting-utils.app" line-rate="0.8323" branch-rate="0.6759000000000001">
      <classes>
        <class name="index.js" filename="app/index.js" line-rate="0.8323" branch-rate="0.6759000000000001">
          <methods>
            <method name="(anonymous_0)" hits="14" signature="()V">
              <lines>
                <line number="7" hits="14"/>
              </lines>
            </method>
            <method name="(anonymous_1)" hits="3" signature="()V">
              <lines>
                <line number="15" hits="3"/>
              </lines>
            </method>
            <method name="(anonymous_2)" hits="22" signature="()V">
              <lines>
                <line number="22" hits="22"/>
              </lines>
            </method>
            <method name="(anonymous_3)" hits="19" signature="()V">
              <lines>
                <line number="39" hits="19"/>
              </lines>
            </method>
            <method name="(anonymous_4)" hits="43" signature="()V">
              <lines>
                <line number="58" hits="43"/>
              </lines>
            </method>
            <method name="(anonymous_5)" hits="31" signature="()V">
              <lines>
                <line number="59" hits="31"/>
              </lines>
            </method>
            <method name="(anonymous_6)" hits="30" signature="()V">
              <lines>
                <line number="60" hits="30"/>
              </lines>
            </method>
            <method name="(anonymous_7)" hits="61" signature="()V">
              <lines>
                <line number="61" hits="61"/>
              </lines>
            </method>
            <method name="(anonymous_8)" hits="43" signature="()V">
              <lines>
                <line number="63" hits="43"/>
              </lines>
            </method>
            <method name="(anonymous_9)" hits="11" signature="()V">
              <lines>
                <line number="95" hits="11"/>
              </lines>
            </method>
            <method name="(anonymous_10)" hits="17" signature="()V">
              <lines>
                <line number="101" hits="17"/>
              </lines>
            </method>
            <method name="(anonymous_11)" hits="1" signature="()V">
              <lines>
                <line number="110" hits="1"/>
              </lines>
            </method>
            <method name="(anonymous_12)" hits="3" signature="()V">
              <lines>
                <line number="116" hits="3"/>
              </lines>
            </method>
            <method name="(anonymous_13)" hits="3" signature="()V">
              <lines>
                <line number="117" hits="3"/>
              </lines>
            </method>
            <method name="(anonymous_14)" hits="0" signature="()V">
              <lines>
                <line number="129" hits="0"/>
              </lines>
            </method>
            <method name="(anonymous_15)" hits="0" signature="()V">
              <lines>
                <line number="133" hits="0"/>
              </lines>
            </method>
            <method name="(anonymous_16)" hits="0" signature="()V">
              <lines>
                <line number="137" hits="0"/>
              </lines>
            </method>
            <method name="(anonymous_17)" hits="8" signature="()V">
              <lines>
                <line number="148" hits="8"/>
              </lines>
            </method>
            <method name="(anonymous_18)" hits="8" signature="()V">
              <lines>
                <line number="154" hits="8"/>
              </lines>
            </method>
            <method name="(anonymous_19)" hits="9" signature="()V">
              <lines>
                <line number="198" hits="9"/>
              </lines>
            </method>
            <method name="(anonymous_20)" hits="8" signature="()V">
              <lines>
                <line number="210" hits="8"/>
              </lines>
            </method>
            <method name="(anonymous_21)" hits="7" signature="()V">
              <lines>
                <line number="226" hits="7"/>
              </lines>
            </method>
            <method name="(anonymous_22)" hits="11" signature="()V">
              <lines>
                <line number="237" hits="11"/>
              </lines>
            </method>
            <method name="(anonymous_23)" hits="9" signature="()V">
              <lines>
                <line number="245" hits="9"/>
              </lines>
            </method>
            <method name="(anonymous_24)" hits="11" signature="()V">
              <lines>
                <line number="261" hits="11"/>
              </lines>
            </method>
            <method name="(anonymous_25)" hits="4" signature="()V">
              <lines>
                <line number="279" hits="4"/>
              </lines>
            </method>
            <method name="(anonymous_26)" hits="7" signature="()V">
              <lines>
                <line number="291" hits="7"/>
              </lines>
            </method>
          </methods>
          <lines>
            <line number="1" hits="1" branch="false"/>
            <line number="2" hits="1" branch="false"/>
            <line number="3" hits="1" branch="false"/>
            <line number="4" hits="1" branch="false"/>
            <line number="5" hits="1" branch="false"/>
            <line number="7" hits="14" branch="true" condition-coverage="50% (1/2)"/>
            <line number="9" hits="1" branch="false"/>
            <line number="10" hits="1" branch="false"/>
            <line number="11" hits="1" branch="false"/>
            <line number="13" hits="1" branch="false"/>
            <line number="15" hits="1" branch="true" condition-coverage="0% (0/1)"/>
            <line number="16" hits="3" branch="true" condition-coverage="100% (2/2)"/>
            <line number="17" hits="3" branch="true" condition-coverage="100% (2/2)"/>
            <line number="18" hits="3" branch="true" condition-coverage="100% (2/2)"/>
            <line number="19" hits="3" branch="true" condition-coverage="100% (2/2)"/>
            <line number="22" hits="1" branch="false"/>
            <line number="23" hits="22" branch="true" condition-coverage="75% (3/4)"/>
            <line number="24" hits="0" branch="false"/>
            <line number="26" hits="22" branch="false"/>
            <line number="27" hits="22" branch="true" condition-coverage="100% (2/2)"/>
            <line number="28" hits="11" branch="false"/>
            <line number="30" hits="11" branch="true" condition-coverage="50% (1/2)"/>
            <line number="31" hits="11" branch="true" condition-coverage="50% (1/2)"/>
            <line number="33" hits="0" branch="true" condition-coverage="0% (0/2)"/>
            <line number="34" hits="0" branch="false"/>
            <line number="36" hits="0" branch="false"/>
            <line number="39" hits="1" branch="false"/>
            <line number="40" hits="19" branch="true" condition-coverage="100% (2/2)"/>
            <line number="41" hits="1" branch="true" condition-coverage="50% (1/2)"/>
            <line number="43" hits="18" branch="true" condition-coverage="100% (2/2)"/>
            <line number="44" hits="2" branch="false"/>
            <line number="46" hits="16" branch="true" condition-coverage="100% (2/2)"/>
            <line number="47" hits="2" branch="true" condition-coverage="100% (2/2)"/>
            <line number="49" hits="14" branch="true" condition-coverage="100% (2/2)"/>
            <line number="50" hits="2" branch="false"/>
            <line number="52" hits="12" branch="true" condition-coverage="50% (1/2)"/>
            <line number="53" hits="12" branch="true" condition-coverage="100% (3/3)"/>
            <line number="55" hits="0" branch="false"/>
            <line number="58" hits="43" branch="true" condition-coverage="100% (2/2)"/>
            <line number="59" hits="31" branch="true" condition-coverage="100% (2/2)"/>
            <line number="60" hits="30" branch="false"/>
            <line number="61" hits="61" branch="true" condition-coverage="100% (2/2)"/>
            <line number="63" hits="1" branch="true" condition-coverage="100% (1/1)"/>
            <line number="64" hits="43" branch="true" condition-coverage="100% (2/2)"/>
            <line number="65" hits="9" branch="false"/>
            <line number="68" hits="34" branch="true" condition-coverage="100% (4/4)"/>
            <line number="69" hits="1" branch="false"/>
            <line number="72" hits="33" branch="true" condition-coverage="100% (2/2)"/>
            <line number="73" hits="2" branch="false"/>
            <line number="76" hits="31" branch="true" condition-coverage="100% (2/2)"/>
            <line number="77" hits="1" branch="false"/>
            <line number="80" hits="30" branch="true" condition-coverage="100% (2/2)"/>
            <line number="81" hits="2" branch="false"/>
            <line number="84" hits="28" branch="true" condition-coverage="100% (2/2)"/>
            <line number="85" hits="1" branch="false"/>
            <line number="88" hits="27" branch="true" condition-coverage="100% (2/2)"/>
            <line number="89" hits="11" branch="false"/>
            <line number="92" hits="16" branch="false"/>
            <line number="95" hits="1" branch="false"/>
            <line number="96" hits="11" branch="true" condition-coverage="50% (1/2)"/>
            <line number="97" hits="0" branch="false"/>
            <line number="99" hits="11" branch="false"/>
            <line number="100" hits="11" branch="false"/>
            <line number="101" hits="11" branch="false"/>
            <line number="102" hits="17" branch="false"/>
            <line number="103" hits="17" branch="true" condition-coverage="50% (1/2)"/>
            <line number="104" hits="17" branch="false"/>
            <line number="107" hits="11" branch="true" condition-coverage="50% (1/2)"/>
            <line number="110" hits="1" branch="false"/>
            <line number="111" hits="1" branch="true" condition-coverage="50% (1/2)"/>
            <line number="112" hits="0" branch="false"/>
            <line number="114" hits="1" branch="false"/>
            <line number="115" hits="1" branch="false"/>
            <line number="116" hits="3" branch="false"/>
            <line number="118" hits="3" branch="true" condition-coverage="75% (3/4)"/>
            <line number="119" hits="0" branch="false"/>
            <line number="121" hits="3" branch="true" condition-coverage="75% (3/4)"/>
            <line number="122" hits="0" branch="false"/>
            <line number="124" hits="3" branch="false"/>
            <line number="126" hits="1" branch="true" condition-coverage="50% (1/2)"/>
            <line number="129" hits="1" branch="true" condition-coverage="0% (0/1)"/>
            <line number="130" hits="0" branch="true" condition-coverage="0% (0/2)"/>
            <line number="131" hits="0" branch="false"/>
            <line number="133" hits="0" branch="false"/>
            <line number="134" hits="0" branch="true" condition-coverage="0% (0/2)"/>
            <line number="137" hits="1" branch="false"/>
            <line number="138" hits="0" branch="true" condition-coverage="0% (0/4)"/>
            <line number="139" hits="0" branch="false"/>
            <line number="141" hits="0" branch="false"/>
            <line number="148" hits="1" branch="false"/>
            <line number="149" hits="8" branch="true" condition-coverage="100% (5/5)"/>
            <line number="154" hits="1" branch="true" condition-coverage="0% (0/2)"/>
            <line number="155" hits="8" branch="true" condition-coverage="50% (2/4)"/>
            <line number="157" hits="8" branch="true" condition-coverage="50% (2/4)"/>
            <line number="158" hits="0" branch="false"/>
            <line number="161" hits="8" branch="true" condition-coverage="50% (1/2)"/>
            <line number="162" hits="0" branch="false"/>
            <line number="168" hits="0" branch="true" condition-coverage="0% (0/2)"/>
            <line number="169" hits="0" branch="false"/>
            <line number="170" hits="0" branch="false"/>
            <line number="171" hits="0" branch="true" condition-coverage="0% (0/2)"/>
            <line number="172" hits="0" branch="true" condition-coverage="0% (0/2)"/>
            <line number="173" hits="0" branch="false"/>
            <line number="177" hits="0" branch="false"/>
            <line number="180" hits="8" branch="true" condition-coverage="50% (1/2)"/>
            <line number="181" hits="0" branch="false"/>
            <line number="188" hits="8" branch="false"/>
            <line number="189" hits="8" branch="true" condition-coverage="50% (1/2)"/>
            <line number="190" hits="8" branch="false"/>
            <line number="191" hits="8" branch="false"/>
            <line number="198" hits="1" branch="true" condition-coverage="100% (1/1)"/>
            <line number="199" hits="9" branch="true" condition-coverage="100% (1/1)"/>
            <line number="200" hits="9" branch="true" condition-coverage="66.66666666666666% (2/3)"/>
            <line number="202" hits="9" branch="true" condition-coverage="50% (2/4)"/>
            <line number="204" hits="9" branch="true" condition-coverage="100% (2/2)"/>
            <line number="205" hits="9" branch="true" condition-coverage="100% (2/2)"/>
            <line number="206" hits="1" branch="false"/>
            <line number="209" hits="8" branch="false"/>
            <line number="210" hits="8" branch="false"/>
            <line number="213" hits="8" branch="true" condition-coverage="50% (1/2)"/>
            <line number="214" hits="0" branch="false"/>
            <line number="217" hits="8" branch="false"/>
            <line number="218" hits="8" branch="false"/>
            <line number="219" hits="8" branch="false"/>
            <line number="221" hits="3" branch="false"/>
            <line number="222" hits="3" branch="false"/>
            <line number="226" hits="1" branch="false"/>
            <line number="227" hits="7" branch="true" condition-coverage="75% (3/4)"/>
            <line number="228" hits="0" branch="false"/>
            <line number="230" hits="7" branch="false"/>
            <line number="231" hits="7" branch="true" condition-coverage="100% (4/4)"/>
            <line number="232" hits="3" branch="false"/>
            <line number="234" hits="4" branch="false"/>
            <line number="237" hits="1" branch="false"/>
            <line number="238" hits="11" branch="false"/>
            <line number="245" hits="1" branch="false"/>
            <line number="246" hits="9" branch="true" condition-coverage="100% (2/2)"/>
            <line number="247" hits="1" branch="true" condition-coverage="50% (1/2)"/>
            <line number="250" hits="8" branch="true" condition-coverage="100% (5/5)"/>
            <line number="251" hits="1" branch="false"/>
            <line number="254" hits="7" branch="true" condition-coverage="100% (2/2)"/>
            <line number="255" hits="3" branch="false"/>
            <line number="258" hits="4" branch="false"/>
            <line number="261" hits="1" branch="false"/>
            <line number="262" hits="11" branch="false"/>
            <line number="264" hits="11" branch="true" condition-coverage="100% (2/2)"/>
            <line number="265" hits="2" branch="false"/>
            <line number="268" hits="9" branch="false"/>
            <line number="269" hits="9" branch="false"/>
            <line number="271" hits="9" branch="false"/>
            <line number="272" hits="9" branch="true" condition-coverage="100% (2/2)"/>
            <line number="273" hits="3" branch="false"/>
            <line number="276" hits="9" branch="false"/>
            <line number="279" hits="1" branch="true" condition-coverage="0% (0/1)"/>
            <line number="280" hits="4" branch="true" condition-coverage="100% (2/2)"/>
            <line number="281" hits="4" branch="false"/>
            <line number="282" hits="4" branch="false"/>
            <line number="284" hits="2" branch="true" condition-coverage="50% (1/2)"/>
            <line number="285" hits="2" branch="true" condition-coverage="100% (2/2)"/>
            <line number="286" hits="1" branch="false"/>
            <line number="291" hits="1" branch="true" condition-coverage="100% (2/2)"/>
            <line number="292" hits="7" branch="false"/>
            <line number="293" hits="4" branch="false"/>
            <line number="294" hits="4" branch="true" condition-coverage="20% (1/5)"/>
            <line number="295" hits="4" branch="false"/>
            <line number="296" hits="4" branch="false"/>
            <line number="299" hits="1" branch="false"/>
          </lines>
        </class>
      </classes>
    </package>
  </packages>
</coverage>
