<?xml version="1.0" encoding="UTF-8"?>
<testsuites name="jest tests" tests="47" failures="0" errors="0" time="0.322">
  <testsuite name="alerting-utils" errors="0" failures="0" skipped="0" timestamp="2026-02-09T17:33:51" time="0.273" tests="47">
    <testcase classname="alerting-utils normalizeMessage should return message from Error object" name="alerting-utils normalizeMessage should return message from Error object" time="0.003">
    </testcase>
    <testcase classname="alerting-utils normalizeMessage should return default message for null" name="alerting-utils normalizeMessage should return default message for null" time="0">
    </testcase>
    <testcase classname="alerting-utils normalizeMessage should return default message for undefined" name="alerting-utils normalizeMessage should return default message for undefined" time="0.002">
    </testcase>
    <testcase classname="alerting-utils normalizeMessage should return trimmed string" name="alerting-utils normalizeMessage should return trimmed string" time="0">
    </testcase>
    <testcase classname="alerting-utils normalizeMessage should return default message for empty string" name="alerting-utils normalizeMessage should return default message for empty string" time="0">
    </testcase>
    <testcase classname="alerting-utils normalizeMessage should convert number to string" name="alerting-utils normalizeMessage should convert number to string" time="0.001">
    </testcase>
    <testcase classname="alerting-utils normalizeMessage should convert boolean to string" name="alerting-utils normalizeMessage should convert boolean to string" time="0">
    </testcase>
    <testcase classname="alerting-utils normalizeMessage should extract msg property from object" name="alerting-utils normalizeMessage should extract msg property from object" time="0.001">
    </testcase>
    <testcase classname="alerting-utils normalizeMessage should extract message property from object" name="alerting-utils normalizeMessage should extract message property from object" time="0.001">
    </testcase>
    <testcase classname="alerting-utils normalizeMessage should prefer msg over message" name="alerting-utils normalizeMessage should prefer msg over message" time="0.001">
    </testcase>
    <testcase classname="alerting-utils normalizeMessage should return default for object without msg or message" name="alerting-utils normalizeMessage should return default for object without msg or message" time="0">
    </testcase>
    <testcase classname="alerting-utils sanitizeValue should redact sensitive keys" name="alerting-utils sanitizeValue should redact sensitive keys" time="0.001">
    </testcase>
    <testcase classname="alerting-utils sanitizeValue should redact token key" name="alerting-utils sanitizeValue should redact token key" time="0">
    </testcase>
    <testcase classname="alerting-utils sanitizeValue should redact api_key" name="alerting-utils sanitizeValue should redact api_key" time="0.001">
    </testcase>
    <testcase classname="alerting-utils sanitizeValue should redact null when key is sensitive" name="alerting-utils sanitizeValue should redact null when key is sensitive" time="0">
    </testcase>
    <testcase classname="alerting-utils sanitizeValue should redact undefined when key is sensitive" name="alerting-utils sanitizeValue should redact undefined when key is sensitive" time="0.001">
    </testcase>
    <testcase classname="alerting-utils sanitizeValue should return undefined for null with non-sensitive key" name="alerting-utils sanitizeValue should return undefined for null with non-sensitive key" time="0">
    </testcase>
    <testcase classname="alerting-utils sanitizeValue should return undefined for undefined with non-sensitive key" name="alerting-utils sanitizeValue should return undefined for undefined with non-sensitive key" time="0.001">
    </testcase>
    <testcase classname="alerting-utils sanitizeValue should preserve primitives" name="alerting-utils sanitizeValue should preserve primitives" time="0">
    </testcase>
    <testcase classname="alerting-utils sanitizeValue should redact long strings" name="alerting-utils sanitizeValue should redact long strings" time="0">
    </testcase>
    <testcase classname="alerting-utils sanitizeValue should preserve strings under max length" name="alerting-utils sanitizeValue should preserve strings under max length" time="0">
    </testcase>
    <testcase classname="alerting-utils sanitizeValue should sanitize object properties" name="alerting-utils sanitizeValue should sanitize object properties" time="0.001">
    </testcase>
    <testcase classname="alerting-utils sanitizeValue should handle circular references" name="alerting-utils sanitizeValue should handle circular references" time="0">
    </testcase>
    <testcase classname="alerting-utils sanitizeValue should sanitize array elements" name="alerting-utils sanitizeValue should sanitize array elements" time="0.001">
    </testcase>
    <testcase classname="alerting-utils sanitizeValue should return object with redacted sensitive properties" name="alerting-utils sanitizeValue should return object with redacted sensitive properties" time="0.001">
    </testcase>
    <testcase classname="alerting-utils deriveAlertData should include process name" name="alerting-utils deriveAlertData should include process name" time="0">
    </testcase>
    <testcase classname="alerting-utils deriveAlertData should preserve existing message" name="alerting-utils deriveAlertData should preserve existing message" time="0.001">
    </testcase>
    <testcase classname="alerting-utils deriveAlertData should extract Error message" name="alerting-utils deriveAlertData should extract Error message" time="0">
    </testcase>
    <testcase classname="alerting-utils deriveAlertData should extract object message property" name="alerting-utils deriveAlertData should extract object message property" time="0.001">
    </testcase>
    <testcase classname="alerting-utils deriveAlertData should use string error as message and clear it" name="alerting-utils deriveAlertData should use string error as message and clear it" time="0">
    </testcase>
    <testcase classname="alerting-utils deriveAlertData should generate default message when missing" name="alerting-utils deriveAlertData should generate default message when missing" time="0.001">
    </testcase>
    <testcase classname="alerting-utils deriveAlertData should preserve all payload properties" name="alerting-utils deriveAlertData should preserve all payload properties" time="0">
    </testcase>
    <testcase classname="alerting-utils init should set configuration" name="alerting-utils init should set configuration" time="0">
    </testcase>
    <testcase classname="alerting-utils init should accept EventPublisherClass" name="alerting-utils init should accept EventPublisherClass" time="0.002">
    </testcase>
    <testcase classname="alerting-utils init should handle partial config" name="alerting-utils init should handle partial config" time="0">
    </testcase>
    <testcase classname="alerting-utils createAlerts should handle empty input" name="alerting-utils createAlerts should handle empty input" time="0.001">
    </testcase>
    <testcase classname="alerting-utils createAlerts should convert single input to array" name="alerting-utils createAlerts should convert single input to array" time="0.001">
    </testcase>
    <testcase classname="alerting-utils createAlerts should publish alerts via EventPublisher" name="alerting-utils createAlerts should publish alerts via EventPublisher" time="0.001">
    </testcase>
    <testcase classname="alerting-utils createAlerts should use configured topic" name="alerting-utils createAlerts should use configured topic" time="0">
    </testcase>
    <testcase classname="alerting-utils createAlerts should log error on publish failure" name="alerting-utils createAlerts should log error on publish failure" time="0.017">
    </testcase>
    <testcase classname="alerting-utils dataProcessingAlert should throw when payload is missing or invalid" name="alerting-utils dataProcessingAlert should throw when payload is missing or invalid" time="0.015">
    </testcase>
    <testcase classname="alerting-utils dataProcessingAlert should throw when process name is missing" name="alerting-utils dataProcessingAlert should throw when process name is missing" time="0.001">
    </testcase>
    <testcase classname="alerting-utils dataProcessingAlert should throw when process is not a string" name="alerting-utils dataProcessingAlert should throw when process is not a string" time="0.001">
    </testcase>
    <testcase classname="alerting-utils dataProcessingAlert should publish alert with process name" name="alerting-utils dataProcessingAlert should publish alert with process name" time="0.002">
    </testcase>
    <testcase classname="alerting-utils dataProcessingAlert should use provided type" name="alerting-utils dataProcessingAlert should use provided type" time="0">
    </testcase>
    <testcase classname="alerting-utils dataProcessingAlert should not throw on publish error when throwOnPublishError is false" name="alerting-utils dataProcessingAlert should not throw on publish error when throwOnPublishError is false" time="0.001">
    </testcase>
    <testcase classname="alerting-utils dataProcessingAlert should throw on publish error when throwOnPublishError is true" name="alerting-utils dataProcessingAlert should throw on publish error when throwOnPublishError is true" time="0.002">
    </testcase>
  </testsuite>
</testsuites>