TN:
SF:eslint.config.js
FNF:0
FNH:0
DA:3,0
LF:1
LH:0
BRF:0
BRH:0
end_of_record
TN:
SF:app/index.js
FN:7,(anonymous_0)
FN:15,(anonymous_1)
FN:22,(anonymous_2)
FN:39,(anonymous_3)
FN:58,(anonymous_4)
FN:59,(anonymous_5)
FN:60,(anonymous_6)
FN:61,(anonymous_7)
FN:63,(anonymous_8)
FN:95,(anonymous_9)
FN:101,(anonymous_10)
FN:110,(anonymous_11)
FN:116,(anonymous_12)
FN:117,(anonymous_13)
FN:129,(anonymous_14)
FN:133,(anonymous_15)
FN:137,(anonymous_16)
FN:148,(anonymous_17)
FN:154,(anonymous_18)
FN:198,(anonymous_19)
FN:210,(anonymous_20)
FN:226,(anonymous_21)
FN:237,(anonymous_22)
FN:245,(anonymous_23)
FN:261,(anonymous_24)
FN:279,(anonymous_25)
FN:291,(anonymous_26)
FNF:27
FNH:24
FNDA:14,(anonymous_0)
FNDA:3,(anonymous_1)
FNDA:22,(anonymous_2)
FNDA:19,(anonymous_3)
FNDA:43,(anonymous_4)
FNDA:31,(anonymous_5)
FNDA:30,(anonymous_6)
FNDA:61,(anonymous_7)
FNDA:43,(anonymous_8)
FNDA:11,(anonymous_9)
FNDA:17,(anonymous_10)
FNDA:1,(anonymous_11)
FNDA:3,(anonymous_12)
FNDA:3,(anonymous_13)
FNDA:0,(anonymous_14)
FNDA:0,(anonymous_15)
FNDA:0,(anonymous_16)
FNDA:8,(anonymous_17)
FNDA:8,(anonymous_18)
FNDA:9,(anonymous_19)
FNDA:8,(anonymous_20)
FNDA:7,(anonymous_21)
FNDA:11,(anonymous_22)
FNDA:9,(anonymous_23)
FNDA:11,(anonymous_24)
FNDA:4,(anonymous_25)
FNDA:7,(anonymous_26)
DA:1,1
DA:2,1
DA:3,1
DA:4,1
DA:5,1
DA:7,14
DA:9,1
DA:10,1
DA:11,1
DA:13,1
DA:15,1
DA:16,3
DA:17,3
DA:18,3
DA:19,3
DA:22,1
DA:23,22
DA:24,0
DA:26,22
DA:27,22
DA:28,11
DA:30,11
DA:31,11
DA:33,0
DA:34,0
DA:36,0
DA:39,1
DA:40,19
DA:41,1
DA:43,18
DA:44,2
DA:46,16
DA:47,2
DA:49,14
DA:50,2
DA:52,12
DA:53,12
DA:55,0
DA:58,43
DA:59,31
DA:60,30
DA:61,61
DA:63,1
DA:64,43
DA:65,9
DA:68,34
DA:69,1
DA:72,33
DA:73,2
DA:76,31
DA:77,1
DA:80,30
DA:81,2
DA:84,28
DA:85,1
DA:88,27
DA:89,11
DA:92,16
DA:95,1
DA:96,11
DA:97,0
DA:99,11
DA:100,11
DA:101,11
DA:102,17
DA:103,17
DA:104,17
DA:107,11
DA:110,1
DA:111,1
DA:112,0
DA:114,1
DA:115,1
DA:116,3
DA:118,3
DA:119,0
DA:121,3
DA:122,0
DA:124,3
DA:126,1
DA:129,1
DA:130,0
DA:131,0
DA:133,0
DA:134,0
DA:137,1
DA:138,0
DA:139,0
DA:141,0
DA:148,1
DA:149,8
DA:154,1
DA:155,8
DA:157,8
DA:158,0
DA:161,8
DA:162,0
DA:168,0
DA:169,0
DA:170,0
DA:171,0
DA:172,0
DA:173,0
DA:177,0
DA:180,8
DA:181,0
DA:188,8
DA:189,8
DA:190,8
DA:191,8
DA:198,1
DA:199,9
DA:200,9
DA:202,9
DA:204,9
DA:205,9
DA:206,1
DA:209,8
DA:210,8
DA:213,8
DA:214,0
DA:217,8
DA:218,8
DA:219,8
DA:221,3
DA:222,3
DA:226,1
DA:227,7
DA:228,0
DA:230,7
DA:231,7
DA:232,3
DA:234,4
DA:237,1
DA:238,11
DA:245,1
DA:246,9
DA:247,1
DA:250,8
DA:251,1
DA:254,7
DA:255,3
DA:258,4
DA:261,1
DA:262,11
DA:264,11
DA:265,2
DA:268,9
DA:269,9
DA:271,9
DA:272,9
DA:273,3
DA:276,9
DA:279,1
DA:280,4
DA:281,4
DA:282,4
DA:284,2
DA:285,2
DA:286,1
DA:291,1
DA:292,7
DA:293,4
DA:294,4
DA:295,4
DA:296,4
DA:299,1
LF:167
LH:139
BRDA:7,0,0,14
BRDA:7,0,1,0
BRDA:15,1,0,0
BRDA:16,2,0,2
BRDA:16,2,1,1
BRDA:17,3,0,1
BRDA:17,3,1,2
BRDA:18,4,0,1
BRDA:18,4,1,2
BRDA:19,5,0,1
BRDA:19,5,1,2
BRDA:23,6,0,0
BRDA:23,6,1,22
BRDA:23,7,0,22
BRDA:23,7,1,22
BRDA:27,8,0,11
BRDA:27,8,1,11
BRDA:30,9,0,11
BRDA:30,9,1,0
BRDA:31,10,0,11
BRDA:31,10,1,0
BRDA:33,11,0,0
BRDA:33,11,1,0
BRDA:40,12,0,1
BRDA:40,12,1,18
BRDA:41,13,0,1
BRDA:41,13,1,0
BRDA:43,14,0,2
BRDA:43,14,1,16
BRDA:46,15,0,2
BRDA:46,15,1,14
BRDA:47,16,0,2
BRDA:47,16,1,1
BRDA:49,17,0,2
BRDA:49,17,1,12
BRDA:52,18,0,12
BRDA:52,18,1,0
BRDA:53,19,0,12
BRDA:53,19,1,10
BRDA:53,19,2,1
BRDA:58,20,0,43
BRDA:58,20,1,35
BRDA:59,21,0,31
BRDA:59,21,1,17
BRDA:61,22,0,61
BRDA:61,22,1,25
BRDA:63,23,0,23
BRDA:64,24,0,9
BRDA:64,24,1,34
BRDA:68,25,0,1
BRDA:68,25,1,33
BRDA:68,26,0,34
BRDA:68,26,1,13
BRDA:72,27,0,2
BRDA:72,27,1,31
BRDA:76,28,0,1
BRDA:76,28,1,30
BRDA:80,29,0,2
BRDA:80,29,1,28
BRDA:84,30,0,1
BRDA:84,30,1,27
BRDA:88,31,0,11
BRDA:88,31,1,16
BRDA:96,32,0,0
BRDA:96,32,1,11
BRDA:103,33,0,17
BRDA:103,33,1,0
BRDA:107,34,0,11
BRDA:107,34,1,0
BRDA:111,35,0,0
BRDA:111,35,1,1
BRDA:118,36,0,0
BRDA:118,36,1,3
BRDA:118,37,0,3
BRDA:118,37,1,3
BRDA:121,38,0,0
BRDA:121,38,1,3
BRDA:121,39,0,3
BRDA:121,39,1,3
BRDA:126,40,0,1
BRDA:126,40,1,0
BRDA:129,41,0,0
BRDA:130,42,0,0
BRDA:130,42,1,0
BRDA:134,43,0,0
BRDA:134,43,1,0
BRDA:138,44,0,0
BRDA:138,44,1,0
BRDA:138,45,0,0
BRDA:138,45,1,0
BRDA:149,46,0,8
BRDA:149,46,1,8
BRDA:149,46,2,8
BRDA:149,46,3,8
BRDA:149,46,4,8
BRDA:154,47,0,0
BRDA:154,48,0,0
BRDA:155,49,0,8
BRDA:155,49,1,8
BRDA:155,49,2,0
BRDA:155,49,3,0
BRDA:157,50,0,0
BRDA:157,50,1,8
BRDA:157,51,0,8
BRDA:157,51,1,0
BRDA:161,52,0,0
BRDA:161,52,1,8
BRDA:163,53,0,0
BRDA:163,53,1,0
BRDA:164,54,0,0
BRDA:164,54,1,0
BRDA:165,55,0,0
BRDA:165,55,1,0
BRDA:168,56,0,0
BRDA:168,56,1,0
BRDA:171,57,0,0
BRDA:171,57,1,0
BRDA:172,58,0,0
BRDA:172,58,1,0
BRDA:180,59,0,0
BRDA:180,59,1,8
BRDA:189,60,0,8
BRDA:189,60,1,0
BRDA:198,61,0,1
BRDA:199,62,0,6
BRDA:200,63,0,9
BRDA:200,63,1,1
BRDA:200,63,2,0
BRDA:202,64,0,9
BRDA:202,64,1,8
BRDA:202,64,2,0
BRDA:202,64,3,0
BRDA:204,65,0,8
BRDA:204,65,1,1
BRDA:205,66,0,1
BRDA:205,66,1,8
BRDA:213,67,0,0
BRDA:213,67,1,8
BRDA:227,68,0,0
BRDA:227,68,1,7
BRDA:227,69,0,7
BRDA:227,69,1,7
BRDA:231,70,0,3
BRDA:231,70,1,4
BRDA:231,71,0,7
BRDA:231,71,1,5
BRDA:239,72,0,11
BRDA:239,72,1,2
BRDA:239,72,2,2
BRDA:239,72,3,2
BRDA:246,73,0,1
BRDA:246,73,1,8
BRDA:247,74,0,1
BRDA:247,74,1,0
BRDA:250,75,0,1
BRDA:250,75,1,7
BRDA:250,76,0,8
BRDA:250,76,1,1
BRDA:250,76,2,1
BRDA:254,77,0,3
BRDA:254,77,1,4
BRDA:264,78,0,2
BRDA:264,78,1,9
BRDA:272,79,0,3
BRDA:272,79,1,6
BRDA:279,80,0,0
BRDA:280,81,0,2
BRDA:280,82,0,2
BRDA:284,83,0,2
BRDA:284,83,1,0
BRDA:285,84,0,1
BRDA:285,84,1,1
BRDA:291,85,0,1
BRDA:291,86,0,3
BRDA:294,87,0,4
BRDA:294,87,1,0
BRDA:294,87,2,0
BRDA:294,87,3,0
BRDA:294,87,4,0
BRF:179
BRH:121
end_of_record
